From 828cdf2d7b6dabefc8a410c16153cfae15ba9000 Mon Sep 17 00:00:00 2001
From: Ambjoern Shield 🛡 <sekhmet396gripen@gmail.com>
Date: Sun, 31 Jan 2021 11:31:27 +0100
Subject: [PATCH] :sparkles::heart::sparkles::hammer_and_pick::crossed_swords:️:sparkles::fleur_de_lis:️:sweat_drops::rose: py

---
 clipboard-3.txt | 1 +
 clipboard-4.txt | 1 +
 2 files changed, 2 insertions(+)
 create mode 100644 clipboard-3.txt
 create mode 100644 clipboard-4.txt

diff --git a/clipboard-3.txt b/clipboard-3.txt
new file mode 100644
index 0000000..d7d63ad
--- /dev/null
+++ b/clipboard-3.txt
@@ -0,0 +1 @@
+https://assistant.google.com/services/a/uid/00000040c43310fa?hl=sv
\ No newline at end of file
diff --git a/clipboard-4.txt b/clipboard-4.txt
new file mode 100644
index 0000000..e5ce624
--- /dev/null
+++ b/clipboard-4.txt
@@ -0,0 +1 @@
+pythonista3://?action=add-theme&theme-data=eNqtVs2OmzAQvucpInItUiAJC73RJrn10hdAxh4SF2NHxqibrvbda2wSYgLZTVU44Zlvfr7xzPA2m889RnOJ5DlTlCtv_nXurTZpmMTel1ZIoEANU5mCVyvcxNHuZWOF6thUOUeUZbmQBKRR2AbtaxUOjVIgsxzh8iBFw4nR2G_30a4z8VD0EFkIrvya_oFWEizNGUeV-fS6-FA-tLDb75JtZMU1nJBESsiMUW5x6Uv6Pd1aMUipRdfEFxg2wTq5cV6girKzEf4AzoT_Ew4NQ9KqXGh9FAAWJ6jb4zf92bItcK0k5Yf-TJ9iwYTsyE_WoQ3BSCwH6sxs9FQhRrFnpO9WycMM1fWEuUUYxTkJXYDmonT0WwZ8AlhorqjgBqmzAWlYc50JAg62T96_cRsv2zdc9olo4xykLxGhjYk2dOyWcP6tb9hEGvEmSZZLN5KTFL8AKwcxYCsXjLigI2j__OAHz8EMxbpRJsLTJH_bhpNFu7cHNUanz_AIeRGQ2AUXQlZIqek71LEfDwjr7s6DxMdulwn-KbLaE_9jZ7dqozVaPVmjI-AyF68uKTeHSjYwivCJ4PAQdq3sRfPOlkKHD1uKi2E3cT1d7VAdKeN2tYriQesWDccXe9MXcRBZXY5k2N-WyDzxTa-OBd9OrRJEo8aLFT5XrEse_7Gn8oYy3RT_wFAlSMOm6Ak3URjthkOwqoCrCUSySoM0eGqEP1wJYZoGSXw_hnMmcKkNI6meGwTdxp_cQGb9W8SsQ5krkdXAwJDb_0kk62uyZhkrqro8l-bpJGM_Hu1yyfoOcDczoe3WRsZbnVGsfQ7W7AIKSEjk_ob0Pym3W1h7B1nr0ChiDnb2_hdzs1Is
\ No newline at end of file
--
libgit2 1.0.1